{"level":"info","message":"11/2/2023 - / - GET"}
{"level":"info","message":"11/2/2023 - /api/users - GET"}
{"level":"info","message":"11/3/2023 - /api/users - GET"}
{"level":"info","message":"11/3/2023 - /api/users - GET"}
{"level":"info","message":"11/3/2023 - /api/users - GET"}
{"level":"info","message":"11/3/2023 - /api/users - GET"}
{"level":"info","message":"11/3/2023 - /api/users - GET"}
{"level":"info","message":"11/3/2023 - /api/users - GET"}
{"level":"info","message":"11/3/2023 - /api/users - GET"}
{"level":"info","message":"11/3/2023 - /api/users - GET"}
{"level":"info","message":"11/3/2023 - /api/users - GET"}
{"level":"info","message":"11/3/2023 - /api/users - GET"}
{"level":"info","message":"11/3/2023 - /api/users - GET"}
{"level":"info","message":"11/3/2023 - /api/users - GET"}
{"level":"info","message":"11/3/2023 - /api/users - GET"}
{"level":"info","message":"11/3/2023 - /api/users - GET"}
{"level":"info","message":"11/3/2023 - /api/users - GET"}
{"level":"info","message":"11/3/2023 - /api/users - GET"}
{"level":"info","message":"11/3/2023 - /api/users - GET"}
{"level":"info","message":"11/3/2023 - /api/users - GET"}
{"level":"info","message":"11/3/2023 - /api/users - GET"}
{"level":"info","message":"11/3/2023 - /api/users - GET"}
{"level":"info","message":"11/3/2023 - /api/users - GET"}
{"level":"info","message":"11/3/2023 - /api/users - GET"}
{"level":"info","message":"11/3/2023 - /api/users - GET"}
{"level":"info","message":"11/3/2023 - /api/users - GET"}
{"level":"info","message":"11/3/2023 - /api/users - GET"}
{"level":"info","message":"11/3/2023 - /api/users - GET"}
{"level":"info","message":"11/3/2023 - /api/users - GET"}
{"level":"info","message":"11/3/2023 - /api/users - GET"}
{"level":"info","message":"11/3/2023 - /api/users - GET"}
{"level":"info","message":"11/3/2023 - /api/users - GET"}
{"level":"info","message":"11/3/2023 - /api/users - GET"}
{"level":"info","message":"11/3/2023 - /api/users/ - POST"}
{"level":"info","message":"11/3/2023 - /api/users - GET"}
{"level":"info","message":"11/3/2023 - /api/users - GET"}
{"level":"info","message":"11/3/2023 - /api/users - GET"}
{"level":"info","message":"11/3/2023 - /api/users - GET"}
{"level":"info","message":"11/3/2023 - /api/users - GET"}
{"level":"info","message":"11/3/2023 - /api/users - GET"}
{"level":"info","message":"11/3/2023 - /api/users - GET"}
{"level":"info","message":"11/3/2023 - /api/users - GET"}
{"level":"info","message":"11/3/2023 - /api/users/ - POST"}
{"level":"info","message":"11/3/2023 - /api/users - GET"}
{"level":"info","message":"11/8/2023 - /api/users - GET"}
{"level":"info","message":"11/8/2023 - /api/users - GET"}
{"level":"info","message":"11/8/2023 - /api/users/undefined - PUT"}
{"level":"info","message":"11/8/2023 - /api/users - GET"}
{"level":"info","message":"11/8/2023 - /api/users/undefined - PUT"}
{"level":"info","message":"11/8/2023 - /api/users - GET"}
{"level":"info","message":"11/8/2023 - /api/users/undefined - DELETE"}
{"level":"info","message":"11/8/2023 - /api/users - GET"}
{"level":"info","message":"11/8/2023 - /api/users/b2e18326-a8cc-44ab-b133-b14e6e949cf2 - DELETE"}
{"level":"info","message":"11/8/2023 - /api/users - GET"}
{"level":"info","message":"11/8/2023 - /api/users - GET"}
{"level":"info","message":"11/8/2023 - /api/users - GET"}
{"level":"info","message":"11/8/2023 - /api/users/2e151a2e-6196-42f2-97c5-5792ddbd5e3c - PUT"}
{"level":"info","message":"11/8/2023 - /api/users - GET"}
{"level":"info","message":"11/8/2023 - /api/users/undefined - DELETE"}
{"level":"info","message":"11/8/2023 - /api/users - GET"}
{"level":"info","message":"11/8/2023 - /api/users/2e151a2e-6196-42f2-97c5-5792ddbd5e3c - DELETE"}
{"level":"info","message":"11/8/2023 - /api/users - GET"}
{"level":"info","message":"11/8/2023 - /api/users/b2e18326-a8cc-44ab-b133-b14e6e949cf2 - DELETE"}
{"level":"info","message":"11/8/2023 - /api/users - GET"}
{"level":"info","message":"11/8/2023 - /api/users - GET"}
{"level":"info","message":"11/8/2023 - /api/users - GET"}
{"level":"info","message":"11/8/2023 - /api/users/undefined - PUT"}
{"level":"info","message":"11/8/2023 - /api/users - GET"}
{"level":"info","message":"11/8/2023 - /api/users - GET"}
{"level":"info","message":"11/8/2023 - /api/users - GET"}
{"level":"info","message":"11/8/2023 - /api/users - GET"}
{"level":"info","message":"11/8/2023 - /api/users - GET"}
{"level":"info","message":"11/8/2023 - /api/users - GET"}
{"level":"info","message":"11/8/2023 - /api/users/ - POST"}
{"level":"info","message":"11/8/2023 - /api/users - GET"}
{"level":"info","message":"11/8/2023 - /api/users/57c00371-ec76-4b34-9c0d-051ba038f52b - PUT"}
{"level":"info","message":"11/8/2023 - /api/users - GET"}
{"level":"info","message":"11/8/2023 - /api/users/57c00371-ec76-4b34-9c0d-051ba038f52b - DELETE"}
{"level":"info","message":"11/8/2023 - /api/users - GET"}
{"level":"info","message":"11/8/2023 - /api/users - GET"}
{"level":"info","message":"11/8/2023 - /api/users - GET"}
{"level":"info","message":"11/8/2023 - /api/users - GET"}
{"level":"info","message":"11/8/2023 - /api/users - GET"}
{"level":"info","message":"11/8/2023 - /api/users - GET"}
{"level":"info","message":"11/8/2023 - /api/users/57c00371-ec76-4b34-9c0d-051ba038f52b - PUT"}
{"level":"info","message":"11/8/2023 - /api/users - GET"}
{"level":"info","message":"11/8/2023 - /api/users/57c00371-ec76-4b34-9c0d-051ba038f52b - DELETE"}
{"level":"info","message":"11/8/2023 - /api/users - GET"}
{"level":"info","message":"11/8/2023 - /api/users - GET"}
{"level":"info","message":"11/8/2023 - /api/users - GET"}
{"level":"info","message":"11/8/2023 - /api/users - GET"}
{"level":"info","message":"11/8/2023 - /api/users - GET"}
{"level":"info","message":"11/8/2023 - /api/users - GET"}
{"level":"info","message":"11/8/2023 - /api/users - GET"}
{"level":"info","message":"11/8/2023 - /api/users/57c00371-ec76-4b34-9c0d-051ba038f52b - PUT"}
{"level":"info","message":"11/8/2023 - /api/users - GET"}
{"level":"info","message":"11/8/2023 - /api/users/57c00371-ec76-4b34-9c0d-051ba038f52b - PUT"}
{"level":"info","message":"11/8/2023 - /api/users - GET"}
{"level":"info","message":"11/8/2023 - /api/users/57c00371-ec76-4b34-9c0d-051ba038f52b - DELETE"}
{"level":"info","message":"11/8/2023 - /api/users - GET"}
{"level":"info","message":"11/8/2023 - /api/users - GET"}
{"level":"info","message":"11/8/2023 - /api/users - GET"}
{"level":"info","message":"11/8/2023 - /api/users/ - POST"}
{"level":"info","message":"11/8/2023 - /api/users - GET"}
{"level":"info","message":"11/8/2023 - /api/users/0afe70d0-18ab-4ef1-a425-06035d63e543 - DELETE"}
{"level":"info","message":"11/8/2023 - /api/users - GET"}
{"level":"info","message":"11/8/2023 - /api/users/0afe70d0-18ab-4ef1-a425-06035d63e543 - PUT"}
{"level":"info","message":"11/8/2023 - /api/users - GET"}
{"level":"info","message":"11/8/2023 - /api/users/ - POST"}
{"level":"info","message":"11/8/2023 - /api/users - GET"}
{"level":"info","message":"11/8/2023 - /api/users/ - POST"}
{"level":"info","message":"11/8/2023 - /api/users - GET"}
{"level":"info","message":"11/8/2023 - /api/users/ - POST"}
{"level":"info","message":"11/8/2023 - /api/users - GET"}
{"level":"info","message":"11/8/2023 - /api/users/b760e4ca-190d-4f03-ab5d-3dbacebd8bad - DELETE"}
{"level":"info","message":"11/8/2023 - /api/users - GET"}
{"level":"info","message":"11/8/2023 - /api/users - GET"}
{"level":"info","message":"11/8/2023 - /api/users - GET"}
{"level":"info","message":"11/8/2023 - /api/users/57c00371-ec76-4b34-9c0d-051ba038f52b - DELETE"}
{"level":"info","message":"11/8/2023 - /api/users - GET"}
{"level":"info","message":"11/8/2023 - /api/users - GET"}
{"level":"info","message":"11/8/2023 - /api/users - GET"}
{"level":"info","message":"11/8/2023 - /api/users - GET"}
{"level":"info","message":"11/8/2023 - /api/users - GET"}
{"level":"info","message":"11/8/2023 - /api/users - GET"}
{"level":"info","message":"11/8/2023 - /api/users/ - POST"}
{"level":"info","message":"11/8/2023 - /api/users - GET"}
{"level":"info","message":"11/8/2023 - /api/users/ab253c82-eb7d-418a-abc7-b50f039ad692 - PUT"}
{"level":"info","message":"11/8/2023 - /api/users - GET"}
{"level":"info","message":"11/8/2023 - /api/users - GET"}
{"level":"info","message":"11/8/2023 - /api/users/ - POST"}
{"level":"info","message":"11/8/2023 - /api/users - GET"}
{"level":"info","message":"11/8/2023 - /api/users/ - POST"}
{"level":"info","message":"11/8/2023 - /api/users - GET"}
{"level":"info","message":"11/8/2023 - /api/users/ - POST"}
{"level":"info","message":"11/8/2023 - /api/users - GET"}
{"level":"info","message":"11/8/2023 - /api/users/ - POST"}
{"level":"info","message":"11/8/2023 - /api/users - GET"}
{"level":"info","message":"11/8/2023 - /api/users/ab253c82-eb7d-418a-abc7-b50f039ad692 - PUT"}
{"level":"info","message":"11/8/2023 - /api/users - GET"}
